[debug] [2025-05-12T22:59:53.346Z] ----------------------------------------------------------------------
[debug] [2025-05-12T22:59:53.348Z] Command:       /usr/local/bin/node /opt/homebrew/bin/firebase init
[debug] [2025-05-12T22:59:53.348Z] CLI Version:   14.3.1
[debug] [2025-05-12T22:59:53.348Z] Platform:      darwin
[debug] [2025-05-12T22:59:53.348Z] Node Version:  v22.14.0
[debug] [2025-05-12T22:59:53.348Z] Time:          Mon May 12 2025 15:59:53 GMT-0700 (Pacific Daylight Time)
[debug] [2025-05-12T22:59:53.348Z] ----------------------------------------------------------------------
[debug] 
[debug] [2025-05-12T22:59:53.351Z] > command requires scopes: ["email","openid","https://www.googleapis.com/auth/cloudplatformprojects.readonly","https://www.googleapis.com/auth/firebase","https://www.googleapis.com/auth/cloud-platform"]
[debug] [2025-05-12T22:59:53.351Z] > authorizing via signed-in user (xhuang@gmail.com)
[info] 
     ######## #### ########  ######## ########     ###     ######  ########
     ##        ##  ##     ## ##       ##     ##  ##   ##  ##       ##
     ######    ##  ########  ######   ########  #########  ######  ######
     ##        ##  ##    ##  ##       ##     ## ##     ##       ## ##
     ##       #### ##     ## ######## ########  ##     ##  ######  ########

You're about to initialize a Firebase project in this directory:

  /Users/xhuang/projects/SAT/frontend

[debug] [2025-05-12T22:59:57.151Z] ExitPromptError: User force closed the prompt with SIGINT
    at Interface.sigint (/opt/homebrew/lib/node_modules/firebase-tools/node_modules/@inquirer/core/dist/commonjs/lib/create-prompt.js:100:37)
    at Interface.emit (node:events:518:28)
    at Interface.emit (node:domain:489:12)
    at [_ttyWrite] [as _ttyWrite] (node:internal/readline/interface:1124:18)
    at ReadStream.onkeypress (node:internal/readline/interface:263:20)
    at ReadStream.emit (node:events:530:35)
    at ReadStream.emit (node:domain:489:12)
    at emitKeys (node:internal/readline/utils:370:14)
    at emitKeys.next (<anonymous>)
    at ReadStream.onData (node:internal/readline/emitKeypressEvents:64:36)
[error] 
[error] Error: An unexpected error has occurred.
[debug] [2025-05-12T23:00:00.370Z] ----------------------------------------------------------------------
[debug] [2025-05-12T23:00:00.371Z] Command:       /usr/local/bin/node /opt/homebrew/bin/firebase init hosting
[debug] [2025-05-12T23:00:00.372Z] CLI Version:   14.3.1
[debug] [2025-05-12T23:00:00.372Z] Platform:      darwin
[debug] [2025-05-12T23:00:00.372Z] Node Version:  v22.14.0
[debug] [2025-05-12T23:00:00.372Z] Time:          Mon May 12 2025 16:00:00 GMT-0700 (Pacific Daylight Time)
[debug] [2025-05-12T23:00:00.372Z] ----------------------------------------------------------------------
[debug] 
[debug] [2025-05-12T23:00:00.375Z] > command requires scopes: ["email","openid","https://www.googleapis.com/auth/cloudplatformprojects.readonly","https://www.googleapis.com/auth/firebase","https://www.googleapis.com/auth/cloud-platform"]
[debug] [2025-05-12T23:00:00.375Z] > authorizing via signed-in user (xhuang@gmail.com)
[info] 
     ######## #### ########  ######## ########     ###     ######  ########
     ##        ##  ##     ## ##       ##     ##  ##   ##  ##       ##
     ######    ##  ########  ######   ########  #########  ######  ######
     ##        ##  ##    ##  ##       ##     ## ##     ##       ## ##
     ##       #### ##     ## ######## ########  ##     ##  ######  ########

You're about to initialize a Firebase project in this directory:

  /Users/xhuang/projects/SAT/frontend

[info] 
=== Project Setup
[info] 
[info] First, let's associate this project directory with a Firebase project.
[info] You can create multiple project aliases by running firebase use --add, 
[info] but for now we'll just set up a default project.
[info] 
[debug] [2025-05-12T23:00:02.290Z] Checked if tokens are valid: true, expires at: 1747094368866
[debug] [2025-05-12T23:00:02.290Z] Checked if tokens are valid: true, expires at: 1747094368866
[debug] [2025-05-12T23:00:02.291Z] >>> [apiv2][query] GET https://firebase.googleapis.com/v1beta1/projects pageSize=100
[debug] [2025-05-12T23:00:02.605Z] <<< [apiv2][status] GET https://firebase.googleapis.com/v1beta1/projects 200
[debug] [2025-05-12T23:00:02.605Z] <<< [apiv2][body] GET https://firebase.googleapis.com/v1beta1/projects [omitted]
[info] i  Using project sattest-eaadc (sattest) 
[info] 
=== Hosting Setup
[debug] [2025-05-12T23:00:08.884Z] Checked if tokens are valid: true, expires at: 1747094368866
[debug] [2025-05-12T23:00:08.884Z] Checked if tokens are valid: true, expires at: 1747094368866
[debug] [2025-05-12T23:00:08.884Z] >>> [apiv2][query] GET https://firebase.googleapis.com/v1beta1/projects/sattest-eaadc [none]
[debug] [2025-05-12T23:00:09.077Z] <<< [apiv2][status] GET https://firebase.googleapis.com/v1beta1/projects/sattest-eaadc 200
[debug] [2025-05-12T23:00:09.077Z] <<< [apiv2][body] GET https://firebase.googleapis.com/v1beta1/projects/sattest-eaadc {"projectId":"sattest-eaadc","projectNumber":"373993291990","displayName":"sattest","name":"projects/sattest-eaadc","resources":{"hostingSite":"sattest-eaadc"},"state":"ACTIVE","etag":"1_c6f820ba-a21c-4dbd-b630-5c19b89f6c77"}
[info] 
[info] Your public directory is the folder (relative to your project directory) that
[info] will contain Hosting assets to be uploaded with firebase deploy. If you
[info] have a build process for your assets, use your build's output directory.
[info] 
[debug] [2025-05-12T23:00:19.503Z] >>> [apiv2][query] GET https://www.gstatic.com/firebasejs/releases.json [none]
[debug] [2025-05-12T23:00:19.614Z] <<< [apiv2][status] GET https://www.gstatic.com/firebasejs/releases.json 200
[debug] [2025-05-12T23:00:19.614Z] <<< [apiv2][body] GET https://www.gstatic.com/firebasejs/releases.json {"current":{"version":"11.7.1","browserURL":"https://www.gstatic.com/firebasejs/11.7.1/firebase.js","packageURL":"https://www.gstatic.com/firebasejs/11.7.1/firebase.tgz"},"live":{"version":"11.7","browserURL":"https://www.gstatic.com/firebasejs/live/11.7/firebase.js","packageURL":"https://www.gstatic.com/firebasejs/live/11.7/firebase.tgz"},"components":{"analytics":"https://www.gstatic.com/firebasejs/11.7.1/firebase-analytics.js","app":"https://www.gstatic.com/firebasejs/11.7.1/firebase-app.js","app-check":"https://www.gstatic.com/firebasejs/11.7.1/firebase-app-check.js","auth":"https://www.gstatic.com/firebasejs/11.7.1/firebase-auth.js","auth/cordova":"https://www.gstatic.com/firebasejs/11.7.1/firebase-auth/cordova.js","auth/web-extension":"https://www.gstatic.com/firebasejs/11.7.1/firebase-auth/web-extension.js","functions":"https://www.gstatic.com/firebasejs/11.7.1/firebase-functions.js","firestore":"https://www.gstatic.com/firebasejs/11.7.1/firebase-firestore.js","firestore/lite":"https://www.gstatic.com/firebasejs/11.7.1/firebase-firestore/lite.js","installations":"https://www.gstatic.com/firebasejs/11.7.1/firebase-installations.js","storage":"https://www.gstatic.com/firebasejs/11.7.1/firebase-storage.js","performance":"https://www.gstatic.com/firebasejs/11.7.1/firebase-performance.js","remote-config":"https://www.gstatic.com/firebasejs/11.7.1/firebase-remote-config.js","messaging":"https://www.gstatic.com/firebasejs/11.7.1/firebase-messaging.js","messaging/sw":"https://www.gstatic.com/firebasejs/11.7.1/firebase-messaging/sw.js","database":"https://www.gstatic.com/firebasejs/11.7.1/firebase-database.js","vertexai":"https://www.gstatic.com/firebasejs/11.7.1/firebase-vertexai.js","data-connect":"https://www.gstatic.com/firebasejs/11.7.1/firebase-data-connect.js","firestore.memory":"https://www.gstatic.com/firebasejs/11.7.1/firebase-firestore.memory.js"}}
[info] ✔  Wrote public/index.html 
[info] 
[info] i  Didn't detect a .git folder. Assuming /Users/xhuang/projects/SAT/frontend is the project root. 
[info] i  Authorizing with GitHub to upload your service account to a GitHub repository's secrets store. 
[info] 
[info] Visit this URL on this device to log in:
[info] https://github.com/login/oauth/authorize?client_id=89cf50f02ac6aaed3484&state=825883662&redirect_uri=http%3A%2F%2Flocalhost%3A9005&scope=read%3Auser%20repo%20public_repo
[info] 
[info] Waiting for authentication...
[debug] [2025-05-12T23:00:20.146Z] >>> [apiv2][query] POST https://github.com/login/oauth/access_token [none]
[debug] [2025-05-12T23:00:20.146Z] >>> [apiv2][body] POST https://github.com/login/oauth/access_token [stream]
[debug] [2025-05-12T23:00:20.523Z] <<< [apiv2][status] POST https://github.com/login/oauth/access_token 200
[debug] [2025-05-12T23:00:20.524Z] <<< [apiv2][body] POST https://github.com/login/oauth/access_token {"access_token":"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","token_type":"bearer","scope":"read:user,repo"}
[debug] [2025-05-12T23:00:20.529Z] >>> [apiv2][query] GET https://api.github.com/user [none]
[debug] [2025-05-12T23:00:20.914Z] <<< [apiv2][status] GET https://api.github.com/user 200
[debug] [2025-05-12T23:00:20.915Z] <<< [apiv2][body] GET https://api.github.com/user {"login":"xunhuang","id":729879,"node_id":"MDQ6VXNlcjcyOTg3OQ==","avatar_url":"https://avatars.githubusercontent.com/u/729879?v=4","gravatar_id":"","url":"https://api.github.com/users/xunhuang","html_url":"https://github.com/xunhuang","followers_url":"https://api.github.com/users/xunhuang/followers","following_url":"https://api.github.com/users/xunhuang/following{/other_user}","gists_url":"https://api.github.com/users/xunhuang/gists{/gist_id}","starred_url":"https://api.github.com/users/xunhuang/starred{/owner}{/repo}","subscriptions_url":"https://api.github.com/users/xunhuang/subscriptions","organizations_url":"https://api.github.com/users/xunhuang/orgs","repos_url":"https://api.github.com/users/xunhuang/repos","events_url":"https://api.github.com/users/xunhuang/events{/privacy}","received_events_url":"https://api.github.com/users/xunhuang/received_events","type":"User","user_view_type":"private","site_admin":false,"name":null,"company":null,"blog":"","location":null,"email":null,"hireable":null,"bio":null,"twitter_username":null,"notification_email":null,"public_repos":35,"public_gists":2,"followers":3,"following":0,"created_at":"2011-04-14T17:49:19Z","updated_at":"2025-04-07T23:30:11Z","private_gists":8,"total_private_repos":16,"owned_private_repos":16,"disk_usage":27116083,"collaborators":9,"two_factor_authentication":true,"plan":{"name":"pro","space":976562499,"collaborators":0,"private_repos":9999}}
[info] 
[info] ✔  Success! Logged into GitHub as xunhuang 
[info] 
[debug] [2025-05-12T23:00:32.618Z] >>> [apiv2][query] GET https://api.github.com/repos//actions/secrets/public-key type=owner
[debug] [2025-05-12T23:00:32.903Z] <<< [apiv2][status] GET https://api.github.com/repos//actions/secrets/public-key 404
[debug] [2025-05-12T23:00:32.904Z] <<< [apiv2][body] GET https://api.github.com/repos//actions/secrets/public-key {"message":"Not Found","documentation_url":"https://docs.github.com/rest","status":"404"}
[info] 
[info] 
[error] ⚠  The provided authorization cannot be used with this repository. If this repository is in an organization, did you remember to grant access? 
[info] 
[info] i  Action required: Visit this URL to ensure access has been granted to the appropriate organization(s) for the Firebase CLI GitHub OAuth App: 
[info] https://github.com/settings/connections/applications/89cf50f02ac6aaed3484
[info] 
[debug] [2025-05-12T23:00:33.659Z] >>> [apiv2][query] GET https://api.github.com/repos//actions/secrets/public-key type=owner
[debug] [2025-05-12T23:00:33.790Z] <<< [apiv2][status] GET https://api.github.com/repos//actions/secrets/public-key 404
[debug] [2025-05-12T23:00:33.791Z] <<< [apiv2][body] GET https://api.github.com/repos//actions/secrets/public-key {"message":"Not Found","documentation_url":"https://docs.github.com/rest","status":"404"}
[info] 
[info] 
[error] ⚠  The provided authorization cannot be used with this repository. If this repository is in an organization, did you remember to grant access? 
[info] 
[info] i  Action required: Visit this URL to ensure access has been granted to the appropriate organization(s) for the Firebase CLI GitHub OAuth App: 
[info] https://github.com/settings/connections/applications/89cf50f02ac6aaed3484
[info] 
[debug] [2025-05-12T23:00:34.926Z] >>> [apiv2][query] GET https://api.github.com/repos//actions/secrets/public-key type=owner
[debug] [2025-05-12T23:00:35.040Z] <<< [apiv2][status] GET https://api.github.com/repos//actions/secrets/public-key 404
[debug] [2025-05-12T23:00:35.041Z] <<< [apiv2][body] GET https://api.github.com/repos//actions/secrets/public-key {"message":"Not Found","documentation_url":"https://docs.github.com/rest","status":"404"}
[info] 
[info] 
[error] ⚠  The provided authorization cannot be used with this repository. If this repository is in an organization, did you remember to grant access? 
[info] 
[info] i  Action required: Visit this URL to ensure access has been granted to the appropriate organization(s) for the Firebase CLI GitHub OAuth App: 
[info] https://github.com/settings/connections/applications/89cf50f02ac6aaed3484
[info] 
[debug] [2025-05-12T23:00:35.542Z] >>> [apiv2][query] GET https://api.github.com/repos//actions/secrets/public-key type=owner
[debug] [2025-05-12T23:00:35.665Z] <<< [apiv2][status] GET https://api.github.com/repos//actions/secrets/public-key 404
[debug] [2025-05-12T23:00:35.665Z] <<< [apiv2][body] GET https://api.github.com/repos//actions/secrets/public-key {"message":"Not Found","documentation_url":"https://docs.github.com/rest","status":"404"}
[info] 
[info] 
[error] ⚠  The provided authorization cannot be used with this repository. If this repository is in an organization, did you remember to grant access? 
[info] 
[info] i  Action required: Visit this URL to ensure access has been granted to the appropriate organization(s) for the Firebase CLI GitHub OAuth App: 
[info] https://github.com/settings/connections/applications/89cf50f02ac6aaed3484
[info] 
[debug] [2025-05-12T23:00:36.926Z] ExitPromptError: User force closed the prompt with SIGINT
    at Interface.sigint (/opt/homebrew/lib/node_modules/firebase-tools/node_modules/@inquirer/core/dist/commonjs/lib/create-prompt.js:100:37)
    at Interface.emit (node:events:518:28)
    at Interface.emit (node:domain:489:12)
    at [_ttyWrite] [as _ttyWrite] (node:internal/readline/interface:1124:18)
    at ReadStream.onkeypress (node:internal/readline/interface:263:20)
    at ReadStream.emit (node:events:530:35)
    at ReadStream.emit (node:domain:489:12)
    at emitKeys (node:internal/readline/utils:370:14)
    at emitKeys.next (<anonymous>)
    at ReadStream.onData (node:internal/readline/emitKeypressEvents:64:36)
[error] 
[error] Error: An unexpected error has occurred.
